<?xml version="1.0" encoding="UTF-8"?>
<testng-results skipped="0" failed="0" ignored="0" total="1" passed="1">
  <reporter-output>
  </reporter-output>
  <suite name="Surefire suite" duration-ms="5907" started-at="2020-03-12T03:28:24Z" finished-at="2020-03-12T03:28:30Z">
    <groups>
    </groups>
    <test name="Surefire test" duration-ms="5907" started-at="2020-03-12T03:28:24Z" finished-at="2020-03-12T03:28:30Z">
      <class name="PHPTravels_Test">
        <test-method status="PASS" signature="setUp(java.lang.reflect.Method)[pri:0, instance:PHPTravels_Test@1d2adfbe]" name="setUp" is-config="true" duration-ms="5847" started-at="2020-03-12T03:28:24Z" finished-at="2020-03-12T03:28:30Z">
          <params>
            <param index="0">
              <value>
                <![CDATA[public void PHPTravels_Test.test1()]]>
              </value>
            </param>
          </params>
          <reporter-output>
          </reporter-output>
        </test-method> <!-- setUp -->
        <test-method status="PASS" signature="test1()[pri:0, instance:PHPTravels_Test@1d2adfbe]" name="test1" duration-ms="2" started-at="2020-03-12T03:28:30Z" finished-at="2020-03-12T03:28:30Z">
          <reporter-output>
          </reporter-output>
        </test-method> <!-- test1 -->
        <test-method status="PASS" signature="tearDown(java.lang.reflect.Method)[pri:0, instance:PHPTravels_Test@1d2adfbe]" name="tearDown" is-config="true" duration-ms="46" started-at="2020-03-12T03:28:30Z" finished-at="2020-03-12T03:28:30Z">
          <params>
            <param index="0">
              <value>
                <![CDATA[public void PHPTravels_Test.test1()]]>
              </value>
            </param>
          </params>
          <reporter-output>
          </reporter-output>
        </test-method> <!-- tearDown -->
      </class> <!-- PHPTravels_Test -->
    </test> <!-- Surefire test -->
  </suite> <!-- Surefire suite -->
</testng-results>
